2019-07-15 14:34:52,862 [main] INFO  [c.u.j.c.EnableEncryptablePropertiesConfiguration] EnableEncryptablePropertiesConfiguration.java:69 - Bootstraping jasypt-string-boot auto configuration in context: config-center-1
2019-07-15 14:34:52,862 [main] INFO  [com.kj.ordercenter.ConfigCTApplication] SpringApplication.java:650 - The following profiles are active: native
2019-07-15 14:34:53,634 [main] WARN  [o.springframework.boot.actuate.endpoint.EndpointId] EndpointId.java:131 - Endpoint ID 'service-registry' contains invalid characters, please migrate to a valid format.
2019-07-15 14:34:53,724 [main] WARN  [o.springframework.boot.actuate.endpoint.EndpointId] EndpointId.java:131 - Endpoint ID 'hystrix.stream' contains invalid characters, please migrate to a valid format.
2019-07-15 14:34:53,951 [main] INFO  [o.springframework.cloud.context.scope.GenericScope] GenericScope.java:295 - BeanFactory id=b9a3cd99-b577-377f-819c-10bedf148781
2019-07-15 14:34:53,956 [main] INFO  [c.u.j.c.EnableEncryptablePropertiesBeanFactoryPostProcessor] EnableEncryptablePropertiesBeanFactoryPostProcessor.java:50 - Post-processing PropertySource instances
2019-07-15 14:34:53,973 [main] INFO  [c.u.j.EncryptablePropertySourceConverter] EncryptablePropertySourceConverter.java:38 - Converting PropertySource configurationProperties [org.springframework.boot.context.properties.source.ConfigurationPropertySourcesPropertySource] to AOP Proxy
2019-07-15 14:34:53,973 [main] INFO  [c.u.j.EncryptablePropertySourceConverter] EncryptablePropertySourceConverter.java:38 - Converting PropertySource servletConfigInitParams [org.springframework.core.env.PropertySource$StubPropertySource] to EncryptablePropertySourceWrapper
2019-07-15 14:34:53,974 [main] INFO  [c.u.j.EncryptablePropertySourceConverter] EncryptablePropertySourceConverter.java:38 - Converting PropertySource servletContextInitParams [org.springframework.core.env.PropertySource$StubPropertySource] to EncryptablePropertySourceWrapper
2019-07-15 14:34:53,974 [main] INFO  [c.u.j.EncryptablePropertySourceConverter] EncryptablePropertySourceConverter.java:38 - Converting PropertySource systemProperties [org.springframework.core.env.PropertiesPropertySource] to EncryptableMapPropertySourceWrapper
2019-07-15 14:34:53,974 [main] INFO  [c.u.j.EncryptablePropertySourceConverter] EncryptablePropertySourceConverter.java:38 - Converting PropertySource systemEnvironment [org.springframework.boot.env.SystemEnvironmentPropertySourceEnvironmentPostProcessor$OriginAwareSystemEnvironmentPropertySource] to EncryptableMapPropertySourceWrapper
2019-07-15 14:34:53,974 [main] INFO  [c.u.j.EncryptablePropertySourceConverter] EncryptablePropertySourceConverter.java:38 - Converting PropertySource random [org.springframework.boot.env.RandomValuePropertySource] to EncryptablePropertySourceWrapper
2019-07-15 14:34:53,975 [main] INFO  [c.u.j.EncryptablePropertySourceConverter] EncryptablePropertySourceConverter.java:38 - Converting PropertySource configServerClient [org.springframework.core.env.MapPropertySource] to EncryptableMapPropertySourceWrapper
2019-07-15 14:34:53,975 [main] INFO  [c.u.j.EncryptablePropertySourceConverter] EncryptablePropertySourceConverter.java:38 - Converting PropertySource springCloudClientHostInfo [org.springframework.core.env.MapPropertySource] to EncryptableMapPropertySourceWrapper
2019-07-15 14:34:53,975 [main] INFO  [c.u.j.EncryptablePropertySourceConverter] EncryptablePropertySourceConverter.java:38 - Converting PropertySource defaultProperties [org.springframework.core.env.MapPropertySource] to EncryptableMapPropertySourceWrapper
2019-07-15 14:34:53,987 [main] INFO  [c.u.j.filter.DefaultLazyPropertyFilter] DefaultLazyPropertyFilter.java:31 - Property Filter custom Bean not found with name 'encryptablePropertyFilter'. Initializing Default Property Filter
2019-07-15 14:34:54,307 [main] INFO  [o.s.c.s.PostProcessorRegistrationDelegate$BeanPostProcessorChecker] PostProcessorRegistrationDelegate.java:330 - Bean 'org.springframework.cloud.autoconfigure.ConfigurationPropertiesRebinderAutoConfiguration' of type [org.springframework.cloud.autoconfigure.ConfigurationPropertiesRebinderAutoConfiguration$$EnhancerBySpringCGLIB$$5a8c2940] is not eligible for getting processed by all BeanPostProcessors (for example: not eligible for auto-proxying)
2019-07-15 14:34:54,721 [main] WARN  [io.undertow.websockets.jsr] Bootstrap.java:68 - UT026010: Buffer pool was not set on WebSocketDeploymentInfo, the default pool will be used
2019-07-15 14:34:54,744 [main] INFO  [io.undertow.servlet] ServletContextImpl.java:364 - Initializing Spring embedded WebApplicationContext
2019-07-15 14:34:54,744 [main] INFO  [org.springframework.web.context.ContextLoader] ServletWebServerApplicationContext.java:283 - Root WebApplicationContext: initialization completed in 1867 ms
2019-07-15 14:34:54,912 [main] WARN  [com.netflix.config.sources.URLConfigurationSource] URLConfigurationSource.java:121 - No URLs will be polled as dynamic configuration sources.
2019-07-15 14:34:54,912 [main] INFO  [com.netflix.config.sources.URLConfigurationSource] URLConfigurationSource.java:122 - To enable URLs as dynamic configuration sources, define System property archaius.configurationSource.additionalUrls or make config.properties available on classpath.
2019-07-15 14:34:54,927 [main] INFO  [com.netflix.config.DynamicPropertyFactory] DynamicPropertyFactory.java:281 - DynamicPropertyFactory is initialized with configuration sources: com.netflix.config.ConcurrentCompositeConfiguration@5ff6dd3c
2019-07-15 14:34:54,995 [main] INFO  [c.u.j.resolver.DefaultLazyPropertyResolver] DefaultLazyPropertyResolver.java:31 - Property Resolver custom Bean not found with name 'encryptablePropertyResolver'. Initializing Default Property Resolver
2019-07-15 14:34:54,996 [main] INFO  [c.u.j.detector.DefaultLazyPropertyDetector] DefaultLazyPropertyDetector.java:30 - Property Detector custom Bean not found with name 'encryptablePropertyDetector'. Initializing Default Property Detector
2019-07-15 14:34:56,194 [main] INFO  [o.s.b.a.endpoint.web.ServletEndpointRegistrar] ServletEndpointRegistrar.java:74 - Registered '/actuator/jolokia' to jolokia-actuator-endpoint
2019-07-15 14:34:56,194 [main] INFO  [o.s.b.a.endpoint.web.ServletEndpointRegistrar] ServletEndpointRegistrar.java:74 - Registered '/actuator/hystrix.stream' to hystrix.stream-actuator-endpoint
2019-07-15 14:34:56,269 [main] WARN  [com.netflix.config.sources.URLConfigurationSource] URLConfigurationSource.java:121 - No URLs will be polled as dynamic configuration sources.
2019-07-15 14:34:56,269 [main] INFO  [com.netflix.config.sources.URLConfigurationSource] URLConfigurationSource.java:122 - To enable URLs as dynamic configuration sources, define System property archaius.configurationSource.additionalUrls or make config.properties available on classpath.
2019-07-15 14:34:56,622 [main] INFO  [o.s.scheduling.concurrent.ThreadPoolTaskExecutor] ExecutorConfigurationSupport.java:171 - Initializing ExecutorService 'applicationTaskExecutor'
2019-07-15 14:34:57,718 [main] INFO  [o.s.b.actuate.endpoint.web.EndpointLinksResolver] EndpointLinksResolver.java:58 - Exposing 21 endpoint(s) beneath base path '/actuator'
2019-07-15 14:34:57,827 [main] INFO  [o.s.cloud.netflix.eureka.InstanceInfoFactory] InstanceInfoFactory.java:72 - Setting initial instance status as: STARTING
2019-07-15 14:34:57,862 [main] INFO  [com.netflix.discovery.DiscoveryClient] DiscoveryClient.java:365 - Initializing Eureka in region us-east-1
2019-07-15 14:34:58,101 [main] INFO  [c.n.discovery.provider.DiscoveryJerseyProvider] DiscoveryJerseyProvider.java:70 - Using JSON encoding codec LegacyJacksonJson
2019-07-15 14:34:58,101 [main] INFO  [c.n.discovery.provider.DiscoveryJerseyProvider] DiscoveryJerseyProvider.java:71 - Using JSON decoding codec LegacyJacksonJson
2019-07-15 14:34:58,235 [main] INFO  [c.n.discovery.provider.DiscoveryJerseyProvider] DiscoveryJerseyProvider.java:80 - Using XML encoding codec XStreamXml
2019-07-15 14:34:58,236 [main] INFO  [c.n.discovery.provider.DiscoveryJerseyProvider] DiscoveryJerseyProvider.java:81 - Using XML decoding codec XStreamXml
2019-07-15 14:34:58,427 [main] INFO  [c.n.d.shared.resolver.aws.ConfigClusterResolver] ConfigClusterResolver.java:43 - Resolving eureka endpoints via configuration
2019-07-15 14:34:58,520 [main] INFO  [com.netflix.discovery.DiscoveryClient] DiscoveryClient.java:976 - Disable delta property : false
2019-07-15 14:34:58,520 [main] INFO  [com.netflix.discovery.DiscoveryClient] DiscoveryClient.java:977 - Single vip registry refresh property : null
2019-07-15 14:34:58,520 [main] INFO  [com.netflix.discovery.DiscoveryClient] DiscoveryClient.java:978 - Force full registry fetch : false
2019-07-15 14:34:58,521 [main] INFO  [com.netflix.discovery.DiscoveryClient] DiscoveryClient.java:979 - Application is null : false
2019-07-15 14:34:58,521 [main] INFO  [com.netflix.discovery.DiscoveryClient] DiscoveryClient.java:980 - Registered Applications size is zero : true
2019-07-15 14:34:58,522 [main] INFO  [com.netflix.discovery.DiscoveryClient] DiscoveryClient.java:982 - Application version is -1: true
2019-07-15 14:34:58,522 [main] INFO  [com.netflix.discovery.DiscoveryClient] DiscoveryClient.java:1065 - Getting all instance registry info from the eureka server
2019-07-15 14:34:58,720 [main] INFO  [com.netflix.discovery.DiscoveryClient] DiscoveryClient.java:1074 - The response status is 200
2019-07-15 14:34:58,721 [main] INFO  [com.netflix.discovery.DiscoveryClient] DiscoveryClient.java:1288 - Starting heartbeat executor: renew interval is: 30
2019-07-15 14:34:58,724 [main] INFO  [com.netflix.discovery.InstanceInfoReplicator] InstanceInfoReplicator.java:60 - InstanceInfoReplicator onDemand update allowed rate per min is 4
2019-07-15 14:34:58,729 [main] INFO  [com.netflix.discovery.DiscoveryClient] DiscoveryClient.java:465 - Discovery Client initialized at timestamp 1563172498728 with initial instances count: 0
2019-07-15 14:34:58,737 [main] INFO  [o.s.c.n.e.serviceregistry.EurekaServiceRegistry] EurekaServiceRegistry.java:41 - Registering application CONFIG-CENTER with eureka with status UP
2019-07-15 14:34:58,740 [main] INFO  [com.netflix.discovery.DiscoveryClient] DiscoveryClient.java:1323 - Saw local status change event StatusChangeEvent [timestamp=1563172498739, current=UP, previous=STARTING]
2019-07-15 14:34:58,773 [DiscoveryClient-InstanceInfoReplicator-0] INFO  [com.netflix.discovery.DiscoveryClient] DiscoveryClient.java:844 - DiscoveryClient_CONFIG-CENTER/DESKTOP-GBQBQLK:config-center:8989: registering service...
2019-07-15 14:34:58,854 [main] INFO  [org.xnio] Xnio.java:104 - XNIO version 3.3.8.Final
2019-07-15 14:34:58,876 [main] INFO  [org.xnio.nio] NioXnio.java:55 - XNIO NIO Implementation Version 3.3.8.Final
2019-07-15 14:34:59,065 [main] INFO  [o.s.b.w.embedded.undertow.UndertowServletWebServer] UndertowServletWebServer.java:144 - Undertow started on port(s) 8989 (http) with context path ''
2019-07-15 14:34:59,066 [main] INFO  [o.s.c.n.e.s.EurekaAutoServiceRegistration] EurekaAutoServiceRegistration.java:145 - Updating port to 8989
2019-07-15 14:34:59,072 [main] INFO  [com.kj.ordercenter.ConfigCTApplication] StartupInfoLogger.java:59 - Started ConfigCTApplication in 7.531 seconds (JVM running for 7.977)
2019-07-15 14:34:59,218 [DiscoveryClient-InstanceInfoReplicator-0] INFO  [com.netflix.discovery.DiscoveryClient] DiscoveryClient.java:853 - DiscoveryClient_CONFIG-CENTER/DESKTOP-GBQBQLK:config-center:8989 - registration status: 204
2019-07-15 14:35:28,724 [DiscoveryClient-CacheRefreshExecutor-0] INFO  [com.netflix.discovery.DiscoveryClient] DiscoveryClient.java:976 - Disable delta property : false
2019-07-15 14:35:28,726 [DiscoveryClient-CacheRefreshExecutor-0] INFO  [com.netflix.discovery.DiscoveryClient] DiscoveryClient.java:977 - Single vip registry refresh property : null
2019-07-15 14:35:28,726 [DiscoveryClient-CacheRefreshExecutor-0] INFO  [com.netflix.discovery.DiscoveryClient] DiscoveryClient.java:978 - Force full registry fetch : false
2019-07-15 14:35:28,727 [DiscoveryClient-CacheRefreshExecutor-0] INFO  [com.netflix.discovery.DiscoveryClient] DiscoveryClient.java:979 - Application is null : false
2019-07-15 14:35:28,727 [DiscoveryClient-CacheRefreshExecutor-0] INFO  [com.netflix.discovery.DiscoveryClient] DiscoveryClient.java:980 - Registered Applications size is zero : true
2019-07-15 14:35:28,728 [DiscoveryClient-CacheRefreshExecutor-0] INFO  [com.netflix.discovery.DiscoveryClient] DiscoveryClient.java:982 - Application version is -1: false
2019-07-15 14:35:28,729 [DiscoveryClient-CacheRefreshExecutor-0] INFO  [com.netflix.discovery.DiscoveryClient] DiscoveryClient.java:1065 - Getting all instance registry info from the eureka server
2019-07-15 14:35:28,815 [DiscoveryClient-CacheRefreshExecutor-0] INFO  [com.netflix.discovery.DiscoveryClient] DiscoveryClient.java:1074 - The response status is 200
2019-07-15 14:36:04,643 [XNIO-1 task-1] INFO  [io.undertow.servlet] ServletContextImpl.java:364 - Initializing Spring DispatcherServlet 'dispatcherServlet'
2019-07-15 14:36:04,643 [XNIO-1 task-1] INFO  [org.springframework.web.servlet.DispatcherServlet] FrameworkServlet.java:524 - Initializing Servlet 'dispatcherServlet'
2019-07-15 14:36:04,661 [XNIO-1 task-1] INFO  [org.springframework.web.servlet.DispatcherServlet] FrameworkServlet.java:546 - Completed initialization in 18 ms
2019-07-15 14:36:04,907 [XNIO-1 task-1] INFO  [o.s.c.c.s.environment.NativeEnvironmentRepository] NativeEnvironmentRepository.java:266 - Adding property source: classpath:/config/application-local.yml
2019-07-15 14:39:58,527 [AsyncResolver-bootstrap-executor-0] INFO  [c.n.d.shared.resolver.aws.ConfigClusterResolver] ConfigClusterResolver.java:43 - Resolving eureka endpoints via configuration
2019-07-15 14:44:58,529 [AsyncResolver-bootstrap-executor-0] INFO  [c.n.d.shared.resolver.aws.ConfigClusterResolver] ConfigClusterResolver.java:43 - Resolving eureka endpoints via configuration
2019-07-15 14:46:31,184 [XNIO-1 task-3] INFO  [o.s.c.c.s.environment.NativeEnvironmentRepository] NativeEnvironmentRepository.java:266 - Adding property source: classpath:/config/gateway-server-local.yml
2019-07-15 14:46:31,185 [XNIO-1 task-3] INFO  [o.s.c.c.s.environment.NativeEnvironmentRepository] NativeEnvironmentRepository.java:266 - Adding property source: classpath:/config/application-local.yml
2019-07-15 14:46:48,215 [XNIO-1 task-4] INFO  [o.s.c.c.s.environment.NativeEnvironmentRepository] NativeEnvironmentRepository.java:266 - Adding property source: classpath:/config/gateway-server-local.yml
2019-07-15 14:46:48,215 [XNIO-1 task-4] INFO  [o.s.c.c.s.environment.NativeEnvironmentRepository] NativeEnvironmentRepository.java:266 - Adding property source: classpath:/config/application-local.yml
2019-07-15 14:47:36,798 [XNIO-1 task-5] INFO  [o.s.c.c.s.environment.NativeEnvironmentRepository] NativeEnvironmentRepository.java:266 - Adding property source: classpath:/config/gateway-server-local.yml
2019-07-15 14:47:36,798 [XNIO-1 task-5] INFO  [o.s.c.c.s.environment.NativeEnvironmentRepository] NativeEnvironmentRepository.java:266 - Adding property source: classpath:/config/application-local.yml
2019-07-15 14:49:58,531 [AsyncResolver-bootstrap-executor-0] INFO  [c.n.d.shared.resolver.aws.ConfigClusterResolver] ConfigClusterResolver.java:43 - Resolving eureka endpoints via configuration
2019-07-15 14:54:58,534 [AsyncResolver-bootstrap-executor-0] INFO  [c.n.d.shared.resolver.aws.ConfigClusterResolver] ConfigClusterResolver.java:43 - Resolving eureka endpoints via configuration
2019-07-15 14:59:58,537 [AsyncResolver-bootstrap-executor-0] INFO  [c.n.d.shared.resolver.aws.ConfigClusterResolver] ConfigClusterResolver.java:43 - Resolving eureka endpoints via configuration
2019-07-15 15:00:21,146 [XNIO-1 task-6] INFO  [o.s.c.c.s.environment.NativeEnvironmentRepository] NativeEnvironmentRepository.java:266 - Adding property source: classpath:/config/admin-monitor-local.yml
2019-07-15 15:00:21,147 [XNIO-1 task-6] INFO  [o.s.c.c.s.environment.NativeEnvironmentRepository] NativeEnvironmentRepository.java:266 - Adding property source: classpath:/config/application-local.yml
2019-07-15 15:00:28,683 [XNIO-1 task-8] INFO  [o.s.c.c.s.environment.NativeEnvironmentRepository] NativeEnvironmentRepository.java:266 - Adding property source: classpath:/config/gateway-server-local.yml
2019-07-15 15:00:28,684 [XNIO-1 task-8] INFO  [o.s.c.c.s.environment.NativeEnvironmentRepository] NativeEnvironmentRepository.java:266 - Adding property source: classpath:/config/application-local.yml
2019-07-15 15:00:57,176 [XNIO-1 task-12] INFO  [o.s.c.c.s.environment.NativeEnvironmentRepository] NativeEnvironmentRepository.java:266 - Adding property source: classpath:/config/admin-monitor-local.yml
2019-07-15 15:00:57,177 [XNIO-1 task-12] INFO  [o.s.c.c.s.environment.NativeEnvironmentRepository] NativeEnvironmentRepository.java:266 - Adding property source: classpath:/config/application-local.yml
2019-07-15 15:00:58,443 [AsyncReporter{org.springframework.cloud.sleuth.zipkin2.sender.RestTemplateSender@69a024a0}] INFO  [com.netflix.config.ChainedDynamicProperty] ChainedDynamicProperty.java:115 - Flipping property: localhost.ribbon.ActiveConnectionsLimit to use NEXT property: niws.loadbalancer.availabilityFilteringRule.activeConnectionsLimit = 2147483647
2019-07-15 15:00:58,507 [AsyncReporter{org.springframework.cloud.sleuth.zipkin2.sender.RestTemplateSender@69a024a0}] INFO  [com.netflix.util.concurrent.ShutdownEnabledTimer] ShutdownEnabledTimer.java:58 - Shutdown hook installed for: NFLoadBalancer-PingTimer-localhost
2019-07-15 15:00:58,507 [AsyncReporter{org.springframework.cloud.sleuth.zipkin2.sender.RestTemplateSender@69a024a0}] INFO  [com.netflix.loadbalancer.BaseLoadBalancer] BaseLoadBalancer.java:197 - Client: localhost instantiated a LoadBalancer: DynamicServerListLoadBalancer:{NFLoadBalancer:name=localhost,current list of Servers=[],Load balancer stats=Zone stats: {},Server stats: []}ServerList:null
2019-07-15 15:00:58,519 [AsyncReporter{org.springframework.cloud.sleuth.zipkin2.sender.RestTemplateSender@69a024a0}] INFO  [c.n.loadbalancer.DynamicServerListLoadBalancer] DynamicServerListLoadBalancer.java:222 - Using serverListUpdater PollingServerListUpdater
2019-07-15 15:00:58,532 [AsyncReporter{org.springframework.cloud.sleuth.zipkin2.sender.RestTemplateSender@69a024a0}] INFO  [c.n.loadbalancer.DynamicServerListLoadBalancer] DynamicServerListLoadBalancer.java:150 - DynamicServerListLoadBalancer for client localhost initialized: DynamicServerListLoadBalancer:{NFLoadBalancer:name=localhost,current list of Servers=[],Load balancer stats=Zone stats: {},Server stats: []}ServerList:org.springframework.cloud.netflix.ribbon.eureka.DomainExtractingServerList@58ee1e31
2019-07-15 15:03:00,311 [DiscoveryClient-HeartbeatExecutor-0] ERROR [c.n.d.s.t.decorator.RedirectingEurekaHttpClient] RedirectingEurekaHttpClient.java:91 - Request execution error. endpoint=DefaultEndpoint{ serviceUrl='http://pig:pig@eureka-server:8761/eureka/}
com.sun.jersey.api.client.ClientHandlerException: java.net.ConnectException: Connection refused: connect
	at com.sun.jersey.client.apache4.ApacheHttpClient4Handler.handle(ApacheHttpClient4Handler.java:187)
	at com.sun.jersey.api.client.filter.GZIPContentEncodingFilter.handle(GZIPContentEncodingFilter.java:123)
	at com.netflix.discovery.EurekaIdentityHeaderFilter.handle(EurekaIdentityHeaderFilter.java:27)
	at com.sun.jersey.api.client.Client.handle(Client.java:652)
	at com.sun.jersey.api.client.WebResource.handle(WebResource.java:682)
	at com.sun.jersey.api.client.WebResource.access$200(WebResource.java:74)
	at com.sun.jersey.api.client.WebResource$Builder.put(WebResource.java:529)
	at com.netflix.discovery.shared.transport.jersey.AbstractJerseyEurekaHttpClient.sendHeartBeat(AbstractJerseyEurekaHttpClient.java:102)
	at com.netflix.discovery.shared.transport.decorator.EurekaHttpClientDecorator$3.execute(EurekaHttpClientDecorator.java:92)
	at com.netflix.discovery.shared.transport.decorator.MetricsCollectingEurekaHttpClient.execute(MetricsCollectingEurekaHttpClient.java:73)
	at com.netflix.discovery.shared.transport.decorator.EurekaHttpClientDecorator.sendHeartBeat(EurekaHttpClientDecorator.java:89)
	at com.netflix.discovery.shared.transport.decorator.EurekaHttpClientDecorator$3.execute(EurekaHttpClientDecorator.java:92)
	at com.netflix.discovery.shared.transport.decorator.RedirectingEurekaHttpClient.execute(RedirectingEurekaHttpClient.java:89)
	at com.netflix.discovery.shared.transport.decorator.EurekaHttpClientDecorator.sendHeartBeat(EurekaHttpClientDecorator.java:89)
	at com.netflix.discovery.shared.transport.decorator.EurekaHttpClientDecorator$3.execute(EurekaHttpClientDecorator.java:92)
	at com.netflix.discovery.shared.transport.decorator.RetryableEurekaHttpClient.execute(RetryableEurekaHttpClient.java:120)
	at com.netflix.discovery.shared.transport.decorator.EurekaHttpClientDecorator.sendHeartBeat(EurekaHttpClientDecorator.java:89)
	at com.netflix.discovery.shared.transport.decorator.EurekaHttpClientDecorator$3.execute(EurekaHttpClientDecorator.java:92)
	at com.netflix.discovery.shared.transport.decorator.SessionedEurekaHttpClient.execute(SessionedEurekaHttpClient.java:77)
	at com.netflix.discovery.shared.transport.decorator.EurekaHttpClientDecorator.sendHeartBeat(EurekaHttpClientDecorator.java:89)
	at com.netflix.discovery.DiscoveryClient.renew(DiscoveryClient.java:864)
	at com.netflix.discovery.DiscoveryClient$HeartbeatThread.run(DiscoveryClient.java:1423)
	at java.util.concurrent.Executors$RunnableAdapter.call(Executors.java:511)
	at java.util.concurrent.FutureTask.run(FutureTask.java:266)
	at java.util.concurrent.ThreadPoolExecutor.runWorker(ThreadPoolExecutor.java:1142)
	at java.util.concurrent.ThreadPoolExecutor$Worker.run(ThreadPoolExecutor.java:617)
	at java.lang.Thread.run(Thread.java:745)
Caused by: java.net.ConnectException: Connection refused: connect
	at java.net.DualStackPlainSocketImpl.waitForConnect(Native Method)
	at java.net.DualStackPlainSocketImpl.socketConnect(DualStackPlainSocketImpl.java:85)
	at java.net.AbstractPlainSocketImpl.doConnect(AbstractPlainSocketImpl.java:350)
	at java.net.AbstractPlainSocketImpl.connectToAddress(AbstractPlainSocketImpl.java:206)
	at java.net.AbstractPlainSocketImpl.connect(AbstractPlainSocketImpl.java:188)
	at java.net.PlainSocketImpl.connect(PlainSocketImpl.java:172)
	at java.net.SocksSocketImpl.connect(SocksSocketImpl.java:392)
	at java.net.Socket.connect(Socket.java:589)
	at org.apache.http.conn.scheme.PlainSocketFactory.connectSocket(PlainSocketFactory.java:121)
	at org.apache.http.impl.conn.DefaultClientConnectionOperator.openConnection(DefaultClientConnectionOperator.java:180)
	at org.apache.http.impl.conn.AbstractPoolEntry.open(AbstractPoolEntry.java:144)
	at org.apache.http.impl.conn.AbstractPooledConnAdapter.open(AbstractPooledConnAdapter.java:134)
	at org.apache.http.impl.client.DefaultRequestDirector.tryConnect(DefaultRequestDirector.java:605)
	at org.apache.http.impl.client.DefaultRequestDirector.execute(DefaultRequestDirector.java:440)
	at org.apache.http.impl.client.AbstractHttpClient.doExecute(AbstractHttpClient.java:835)
	at org.apache.http.impl.client.CloseableHttpClient.execute(CloseableHttpClient.java:118)
	at org.apache.http.impl.client.CloseableHttpClient.execute(CloseableHttpClient.java:56)
	at com.sun.jersey.client.apache4.ApacheHttpClient4Handler.handle(ApacheHttpClient4Handler.java:173)
	... 26 common frames omitted
2019-07-15 15:03:00,311 [DiscoveryClient-CacheRefreshExecutor-0] ERROR [c.n.d.s.t.decorator.RedirectingEurekaHttpClient] RedirectingEurekaHttpClient.java:91 - Request execution error. endpoint=DefaultEndpoint{ serviceUrl='http://pig:pig@eureka-server:8761/eureka/}
com.sun.jersey.api.client.ClientHandlerException: java.net.ConnectException: Connection refused: connect
	at com.sun.jersey.client.apache4.ApacheHttpClient4Handler.handle(ApacheHttpClient4Handler.java:187)
	at com.sun.jersey.api.client.filter.GZIPContentEncodingFilter.handle(GZIPContentEncodingFilter.java:123)
	at com.netflix.discovery.EurekaIdentityHeaderFilter.handle(EurekaIdentityHeaderFilter.java:27)
	at com.sun.jersey.api.client.Client.handle(Client.java:652)
	at com.sun.jersey.api.client.WebResource.handle(WebResource.java:682)
	at com.sun.jersey.api.client.WebResource.access$200(WebResource.java:74)
	at com.sun.jersey.api.client.WebResource$Builder.get(WebResource.java:509)
	at com.netflix.discovery.shared.transport.jersey.AbstractJerseyEurekaHttpClient.getApplicationsInternal(AbstractJerseyEurekaHttpClient.java:194)
	at com.netflix.discovery.shared.transport.jersey.AbstractJerseyEurekaHttpClient.getDelta(AbstractJerseyEurekaHttpClient.java:170)
	at com.netflix.discovery.shared.transport.decorator.EurekaHttpClientDecorator$7.execute(EurekaHttpClientDecorator.java:152)
	at com.netflix.discovery.shared.transport.decorator.MetricsCollectingEurekaHttpClient.execute(MetricsCollectingEurekaHttpClient.java:73)
	at com.netflix.discovery.shared.transport.decorator.EurekaHttpClientDecorator.getDelta(EurekaHttpClientDecorator.java:149)
	at com.netflix.discovery.shared.transport.decorator.EurekaHttpClientDecorator$7.execute(EurekaHttpClientDecorator.java:152)
	at com.netflix.discovery.shared.transport.decorator.RedirectingEurekaHttpClient.execute(RedirectingEurekaHttpClient.java:89)
	at com.netflix.discovery.shared.transport.decorator.EurekaHttpClientDecorator.getDelta(EurekaHttpClientDecorator.java:149)
	at com.netflix.discovery.shared.transport.decorator.EurekaHttpClientDecorator$7.execute(EurekaHttpClientDecorator.java:152)
	at com.netflix.discovery.shared.transport.decorator.RetryableEurekaHttpClient.execute(RetryableEurekaHttpClient.java:120)
	at com.netflix.discovery.shared.transport.decorator.EurekaHttpClientDecorator.getDelta(EurekaHttpClientDecorator.java:149)
	at com.netflix.discovery.shared.transport.decorator.EurekaHttpClientDecorator$7.execute(EurekaHttpClientDecorator.java:152)
	at com.netflix.discovery.shared.transport.decorator.SessionedEurekaHttpClient.execute(SessionedEurekaHttpClient.java:77)
	at com.netflix.discovery.shared.transport.decorator.EurekaHttpClientDecorator.getDelta(EurekaHttpClientDecorator.java:149)
	at com.netflix.discovery.DiscoveryClient.getAndUpdateDelta(DiscoveryClient.java:1103)
	at com.netflix.discovery.DiscoveryClient.fetchRegistry(DiscoveryClient.java:985)
	at com.netflix.discovery.DiscoveryClient.refreshRegistry(DiscoveryClient.java:1497)
	at com.netflix.discovery.DiscoveryClient$CacheRefreshThread.run(DiscoveryClient.java:1464)
	at java.util.concurrent.Executors$RunnableAdapter.call(Executors.java:511)
	at java.util.concurrent.FutureTask.run(FutureTask.java:266)
	at java.util.concurrent.ThreadPoolExecutor.runWorker(ThreadPoolExecutor.java:1142)
	at java.util.concurrent.ThreadPoolExecutor$Worker.run(ThreadPoolExecutor.java:617)
	at java.lang.Thread.run(Thread.java:745)
Caused by: java.net.ConnectException: Connection refused: connect
	at java.net.DualStackPlainSocketImpl.waitForConnect(Native Method)
	at java.net.DualStackPlainSocketImpl.socketConnect(DualStackPlainSocketImpl.java:85)
	at java.net.AbstractPlainSocketImpl.doConnect(AbstractPlainSocketImpl.java:350)
	at java.net.AbstractPlainSocketImpl.connectToAddress(AbstractPlainSocketImpl.java:206)
	at java.net.AbstractPlainSocketImpl.connect(AbstractPlainSocketImpl.java:188)
	at java.net.PlainSocketImpl.connect(PlainSocketImpl.java:172)
	at java.net.SocksSocketImpl.connect(SocksSocketImpl.java:392)
	at java.net.Socket.connect(Socket.java:589)
	at org.apache.http.conn.scheme.PlainSocketFactory.connectSocket(PlainSocketFactory.java:121)
	at org.apache.http.impl.conn.DefaultClientConnectionOperator.openConnection(DefaultClientConnectionOperator.java:180)
	at org.apache.http.impl.conn.AbstractPoolEntry.open(AbstractPoolEntry.java:144)
	at org.apache.http.impl.conn.AbstractPooledConnAdapter.open(AbstractPooledConnAdapter.java:134)
	at org.apache.http.impl.client.DefaultRequestDirector.tryConnect(DefaultRequestDirector.java:605)
	at org.apache.http.impl.client.DefaultRequestDirector.execute(DefaultRequestDirector.java:440)
	at org.apache.http.impl.client.AbstractHttpClient.doExecute(AbstractHttpClient.java:835)
	at org.apache.http.impl.client.CloseableHttpClient.execute(CloseableHttpClient.java:118)
	at org.apache.http.impl.client.CloseableHttpClient.execute(CloseableHttpClient.java:56)
	at com.sun.jersey.client.apache4.ApacheHttpClient4Handler.handle(ApacheHttpClient4Handler.java:173)
	... 29 common frames omitted
2019-07-15 15:03:00,314 [DiscoveryClient-HeartbeatExecutor-0] WARN  [c.n.d.s.t.decorator.RetryableEurekaHttpClient] RetryableEurekaHttpClient.java:130 - Request execution failed with message: java.net.ConnectException: Connection refused: connect
2019-07-15 15:03:00,314 [DiscoveryClient-CacheRefreshExecutor-0] WARN  [c.n.d.s.t.decorator.RetryableEurekaHttpClient] RetryableEurekaHttpClient.java:130 - Request execution failed with message: java.net.ConnectException: Connection refused: connect
2019-07-15 15:03:01,319 [DiscoveryClient-CacheRefreshExecutor-0] ERROR [c.n.d.s.t.decorator.RedirectingEurekaHttpClient] RedirectingEurekaHttpClient.java:83 - Request execution error. endpoint=DefaultEndpoint{ serviceUrl='http://pig:pig@eureka-server:8761/eureka/}
com.sun.jersey.api.client.ClientHandlerException: java.net.ConnectException: Connection refused: connect
	at com.sun.jersey.client.apache4.ApacheHttpClient4Handler.handle(ApacheHttpClient4Handler.java:187)
	at com.sun.jersey.api.client.filter.GZIPContentEncodingFilter.handle(GZIPContentEncodingFilter.java:123)
	at com.netflix.discovery.EurekaIdentityHeaderFilter.handle(EurekaIdentityHeaderFilter.java:27)
	at com.sun.jersey.api.client.Client.handle(Client.java:652)
	at com.sun.jersey.api.client.WebResource.handle(WebResource.java:682)
	at com.sun.jersey.api.client.WebResource.access$200(WebResource.java:74)
	at com.sun.jersey.api.client.WebResource$Builder.get(WebResource.java:509)
	at com.netflix.discovery.shared.transport.jersey.AbstractJerseyEurekaHttpClient.getApplicationsInternal(AbstractJerseyEurekaHttpClient.java:194)
	at com.netflix.discovery.shared.transport.jersey.AbstractJerseyEurekaHttpClient.getDelta(AbstractJerseyEurekaHttpClient.java:170)
	at com.netflix.discovery.shared.transport.decorator.EurekaHttpClientDecorator$7.execute(EurekaHttpClientDecorator.java:152)
	at com.netflix.discovery.shared.transport.decorator.MetricsCollectingEurekaHttpClient.execute(MetricsCollectingEurekaHttpClient.java:73)
	at com.netflix.discovery.shared.transport.decorator.EurekaHttpClientDecorator.getDelta(EurekaHttpClientDecorator.java:149)
	at com.netflix.discovery.shared.transport.decorator.EurekaHttpClientDecorator$7.execute(EurekaHttpClientDecorator.java:152)
	at com.netflix.discovery.shared.transport.decorator.RedirectingEurekaHttpClient.executeOnNewServer(RedirectingEurekaHttpClient.java:118)
	at com.netflix.discovery.shared.transport.decorator.RedirectingEurekaHttpClient.execute(RedirectingEurekaHttpClient.java:79)
	at com.netflix.discovery.shared.transport.decorator.EurekaHttpClientDecorator.getDelta(EurekaHttpClientDecorator.java:149)
	at com.netflix.discovery.shared.transport.decorator.EurekaHttpClientDecorator$7.execute(EurekaHttpClientDecorator.java:152)
	at com.netflix.discovery.shared.transport.decorator.RetryableEurekaHttpClient.execute(RetryableEurekaHttpClient.java:120)
	at com.netflix.discovery.shared.transport.decorator.EurekaHttpClientDecorator.getDelta(EurekaHttpClientDecorator.java:149)
	at com.netflix.discovery.shared.transport.decorator.EurekaHttpClientDecorator$7.execute(EurekaHttpClientDecorator.java:152)
	at com.netflix.discovery.shared.transport.decorator.SessionedEurekaHttpClient.execute(SessionedEurekaHttpClient.java:77)
	at com.netflix.discovery.shared.transport.decorator.EurekaHttpClientDecorator.getDelta(EurekaHttpClientDecorator.java:149)
	at com.netflix.discovery.DiscoveryClient.getAndUpdateDelta(DiscoveryClient.java:1103)
	at com.netflix.discovery.DiscoveryClient.fetchRegistry(DiscoveryClient.java:985)
	at com.netflix.discovery.DiscoveryClient.refreshRegistry(DiscoveryClient.java:1497)
	at com.netflix.discovery.DiscoveryClient$CacheRefreshThread.run(DiscoveryClient.java:1464)
	at java.util.concurrent.Executors$RunnableAdapter.call(Executors.java:511)
	at java.util.concurrent.FutureTask.run(FutureTask.java:266)
	at java.util.concurrent.ThreadPoolExecutor.runWorker(ThreadPoolExecutor.java:1142)
	at java.util.concurrent.ThreadPoolExecutor$Worker.run(ThreadPoolExecutor.java:617)
	at java.lang.Thread.run(Thread.java:745)
Caused by: java.net.ConnectException: Connection refused: connect
	at java.net.DualStackPlainSocketImpl.waitForConnect(Native Method)
	at java.net.DualStackPlainSocketImpl.socketConnect(DualStackPlainSocketImpl.java:85)
	at java.net.AbstractPlainSocketImpl.doConnect(AbstractPlainSocketImpl.java:350)
	at java.net.AbstractPlainSocketImpl.connectToAddress(AbstractPlainSocketImpl.java:206)
	at java.net.AbstractPlainSocketImpl.connect(AbstractPlainSocketImpl.java:188)
	at java.net.PlainSocketImpl.connect(PlainSocketImpl.java:172)
	at java.net.SocksSocketImpl.connect(SocksSocketImpl.java:392)
	at java.net.Socket.connect(Socket.java:589)
	at org.apache.http.conn.scheme.PlainSocketFactory.connectSocket(PlainSocketFactory.java:121)
	at org.apache.http.impl.conn.DefaultClientConnectionOperator.openConnection(DefaultClientConnectionOperator.java:180)
	at org.apache.http.impl.conn.AbstractPoolEntry.open(AbstractPoolEntry.java:144)
	at org.apache.http.impl.conn.AbstractPooledConnAdapter.open(AbstractPooledConnAdapter.java:134)
	at org.apache.http.impl.client.DefaultRequestDirector.tryConnect(DefaultRequestDirector.java:605)
	at org.apache.http.impl.client.DefaultRequestDirector.execute(DefaultRequestDirector.java:440)
	at org.apache.http.impl.client.AbstractHttpClient.doExecute(AbstractHttpClient.java:835)
	at org.apache.http.impl.client.CloseableHttpClient.execute(CloseableHttpClient.java:118)
	at org.apache.http.impl.client.CloseableHttpClient.execute(CloseableHttpClient.java:56)
	at com.sun.jersey.client.apache4.ApacheHttpClient4Handler.handle(ApacheHttpClient4Handler.java:173)
	... 30 common frames omitted
2019-07-15 15:03:01,321 [DiscoveryClient-CacheRefreshExecutor-0] WARN  [c.n.d.s.t.decorator.RetryableEurekaHttpClient] RetryableEurekaHttpClient.java:130 - Request execution failed with message: java.net.ConnectException: Connection refused: connect
2019-07-15 15:03:01,323 [DiscoveryClient-CacheRefreshExecutor-0] ERROR [com.netflix.discovery.DiscoveryClient] DiscoveryClient.java:990 - DiscoveryClient_CONFIG-CENTER/DESKTOP-GBQBQLK:config-center:8989 - was unable to refresh its cache! status = Cannot execute request on any known server
com.netflix.discovery.shared.transport.TransportException: Cannot execute request on any known server
	at com.netflix.discovery.shared.transport.decorator.RetryableEurekaHttpClient.execute(RetryableEurekaHttpClient.java:112)
	at com.netflix.discovery.shared.transport.decorator.EurekaHttpClientDecorator.getDelta(EurekaHttpClientDecorator.java:149)
	at com.netflix.discovery.shared.transport.decorator.EurekaHttpClientDecorator$7.execute(EurekaHttpClientDecorator.java:152)
	at com.netflix.discovery.shared.transport.decorator.SessionedEurekaHttpClient.execute(SessionedEurekaHttpClient.java:77)
	at com.netflix.discovery.shared.transport.decorator.EurekaHttpClientDecorator.getDelta(EurekaHttpClientDecorator.java:149)
	at com.netflix.discovery.DiscoveryClient.getAndUpdateDelta(DiscoveryClient.java:1103)
	at com.netflix.discovery.DiscoveryClient.fetchRegistry(DiscoveryClient.java:985)
	at com.netflix.discovery.DiscoveryClient.refreshRegistry(DiscoveryClient.java:1497)
	at com.netflix.discovery.DiscoveryClient$CacheRefreshThread.run(DiscoveryClient.java:1464)
	at java.util.concurrent.Executors$RunnableAdapter.call(Executors.java:511)
	at java.util.concurrent.FutureTask.run(FutureTask.java:266)
	at java.util.concurrent.ThreadPoolExecutor.runWorker(ThreadPoolExecutor.java:1142)
	at java.util.concurrent.ThreadPoolExecutor$Worker.run(ThreadPoolExecutor.java:617)
	at java.lang.Thread.run(Thread.java:745)
2019-07-15 15:03:01,339 [DiscoveryClient-HeartbeatExecutor-0] ERROR [c.n.d.s.t.decorator.RedirectingEurekaHttpClient] RedirectingEurekaHttpClient.java:83 - Request execution error. endpoint=DefaultEndpoint{ serviceUrl='http://pig:pig@eureka-server:8761/eureka/}
com.sun.jersey.api.client.ClientHandlerException: java.net.ConnectException: Connection refused: connect
	at com.sun.jersey.client.apache4.ApacheHttpClient4Handler.handle(ApacheHttpClient4Handler.java:187)
	at com.sun.jersey.api.client.filter.GZIPContentEncodingFilter.handle(GZIPContentEncodingFilter.java:123)
	at com.netflix.discovery.EurekaIdentityHeaderFilter.handle(EurekaIdentityHeaderFilter.java:27)
	at com.sun.jersey.api.client.Client.handle(Client.java:652)
	at com.sun.jersey.api.client.WebResource.handle(WebResource.java:682)
	at com.sun.jersey.api.client.WebResource.access$200(WebResource.java:74)
	at com.sun.jersey.api.client.WebResource$Builder.put(WebResource.java:529)
	at com.netflix.discovery.shared.transport.jersey.AbstractJerseyEurekaHttpClient.sendHeartBeat(AbstractJerseyEurekaHttpClient.java:102)
	at com.netflix.discovery.shared.transport.decorator.EurekaHttpClientDecorator$3.execute(EurekaHttpClientDecorator.java:92)
	at com.netflix.discovery.shared.transport.decorator.MetricsCollectingEurekaHttpClient.execute(MetricsCollectingEurekaHttpClient.java:73)
	at com.netflix.discovery.shared.transport.decorator.EurekaHttpClientDecorator.sendHeartBeat(EurekaHttpClientDecorator.java:89)
	at com.netflix.discovery.shared.transport.decorator.EurekaHttpClientDecorator$3.execute(EurekaHttpClientDecorator.java:92)
	at com.netflix.discovery.shared.transport.decorator.RedirectingEurekaHttpClient.executeOnNewServer(RedirectingEurekaHttpClient.java:118)
	at com.netflix.discovery.shared.transport.decorator.RedirectingEurekaHttpClient.execute(RedirectingEurekaHttpClient.java:79)
	at com.netflix.discovery.shared.transport.decorator.EurekaHttpClientDecorator.sendHeartBeat(EurekaHttpClientDecorator.java:89)
	at com.netflix.discovery.shared.transport.decorator.EurekaHttpClientDecorator$3.execute(EurekaHttpClientDecorator.java:92)
	at com.netflix.discovery.shared.transport.decorator.RetryableEurekaHttpClient.execute(RetryableEurekaHttpClient.java:120)
	at com.netflix.discovery.shared.transport.decorator.EurekaHttpClientDecorator.sendHeartBeat(EurekaHttpClientDecorator.java:89)
	at com.netflix.discovery.shared.transport.decorator.EurekaHttpClientDecorator$3.execute(EurekaHttpClientDecorator.java:92)
	at com.netflix.discovery.shared.transport.decorator.SessionedEurekaHttpClient.execute(SessionedEurekaHttpClient.java:77)
	at com.netflix.discovery.shared.transport.decorator.EurekaHttpClientDecorator.sendHeartBeat(EurekaHttpClientDecorator.java:89)
	at com.netflix.discovery.DiscoveryClient.renew(DiscoveryClient.java:864)
	at com.netflix.discovery.DiscoveryClient$HeartbeatThread.run(DiscoveryClient.java:1423)
	at java.util.concurrent.Executors$RunnableAdapter.call(Executors.java:511)
	at java.util.concurrent.FutureTask.run(FutureTask.java:266)
	at java.util.concurrent.ThreadPoolExecutor.runWorker(ThreadPoolExecutor.java:1142)
	at java.util.concurrent.ThreadPoolExecutor$Worker.run(ThreadPoolExecutor.java:617)
	at java.lang.Thread.run(Thread.java:745)
Caused by: java.net.ConnectException: Connection refused: connect
	at java.net.DualStackPlainSocketImpl.waitForConnect(Native Method)
	at java.net.DualStackPlainSocketImpl.socketConnect(DualStackPlainSocketImpl.java:85)
	at java.net.AbstractPlainSocketImpl.doConnect(AbstractPlainSocketImpl.java:350)
	at java.net.AbstractPlainSocketImpl.connectToAddress(AbstractPlainSocketImpl.java:206)
	at java.net.AbstractPlainSocketImpl.connect(AbstractPlainSocketImpl.java:188)
	at java.net.PlainSocketImpl.connect(PlainSocketImpl.java:172)
	at java.net.SocksSocketImpl.connect(SocksSocketImpl.java:392)
	at java.net.Socket.connect(Socket.java:589)
	at org.apache.http.conn.scheme.PlainSocketFactory.connectSocket(PlainSocketFactory.java:121)
	at org.apache.http.impl.conn.DefaultClientConnectionOperator.openConnection(DefaultClientConnectionOperator.java:180)
	at org.apache.http.impl.conn.AbstractPoolEntry.open(AbstractPoolEntry.java:144)
	at org.apache.http.impl.conn.AbstractPooledConnAdapter.open(AbstractPooledConnAdapter.java:134)
	at org.apache.http.impl.client.DefaultRequestDirector.tryConnect(DefaultRequestDirector.java:605)
	at org.apache.http.impl.client.DefaultRequestDirector.execute(DefaultRequestDirector.java:440)
	at org.apache.http.impl.client.AbstractHttpClient.doExecute(AbstractHttpClient.java:835)
	at org.apache.http.impl.client.CloseableHttpClient.execute(CloseableHttpClient.java:118)
	at org.apache.http.impl.client.CloseableHttpClient.execute(CloseableHttpClient.java:56)
	at com.sun.jersey.client.apache4.ApacheHttpClient4Handler.handle(ApacheHttpClient4Handler.java:173)
	... 27 common frames omitted
2019-07-15 15:03:01,340 [DiscoveryClient-HeartbeatExecutor-0] WARN  [c.n.d.s.t.decorator.RetryableEurekaHttpClient] RetryableEurekaHttpClient.java:130 - Request execution failed with message: java.net.ConnectException: Connection refused: connect
2019-07-15 15:03:01,341 [DiscoveryClient-HeartbeatExecutor-0] ERROR [com.netflix.discovery.DiscoveryClient] DiscoveryClient.java:878 - DiscoveryClient_CONFIG-CENTER/DESKTOP-GBQBQLK:config-center:8989 - was unable to send heartbeat!
com.netflix.discovery.shared.transport.TransportException: Cannot execute request on any known server
	at com.netflix.discovery.shared.transport.decorator.RetryableEurekaHttpClient.execute(RetryableEurekaHttpClient.java:112)
	at com.netflix.discovery.shared.transport.decorator.EurekaHttpClientDecorator.sendHeartBeat(EurekaHttpClientDecorator.java:89)
	at com.netflix.discovery.shared.transport.decorator.EurekaHttpClientDecorator$3.execute(EurekaHttpClientDecorator.java:92)
	at com.netflix.discovery.shared.transport.decorator.SessionedEurekaHttpClient.execute(SessionedEurekaHttpClient.java:77)
	at com.netflix.discovery.shared.transport.decorator.EurekaHttpClientDecorator.sendHeartBeat(EurekaHttpClientDecorator.java:89)
	at com.netflix.discovery.DiscoveryClient.renew(DiscoveryClient.java:864)
	at com.netflix.discovery.DiscoveryClient$HeartbeatThread.run(DiscoveryClient.java:1423)
	at java.util.concurrent.Executors$RunnableAdapter.call(Executors.java:511)
	at java.util.concurrent.FutureTask.run(FutureTask.java:266)
	at java.util.concurrent.ThreadPoolExecutor.runWorker(ThreadPoolExecutor.java:1142)
	at java.util.concurrent.ThreadPoolExecutor$Worker.run(ThreadPoolExecutor.java:617)
	at java.lang.Thread.run(Thread.java:745)
2019-07-15 15:03:31,485 [DiscoveryClient-HeartbeatExecutor-0] INFO  [com.netflix.discovery.DiscoveryClient] DiscoveryClient.java:868 - DiscoveryClient_CONFIG-CENTER/DESKTOP-GBQBQLK:config-center:8989 - Re-registering apps/CONFIG-CENTER
2019-07-15 15:03:31,486 [DiscoveryClient-HeartbeatExecutor-0] INFO  [com.netflix.discovery.DiscoveryClient] DiscoveryClient.java:844 - DiscoveryClient_CONFIG-CENTER/DESKTOP-GBQBQLK:config-center:8989: registering service...
2019-07-15 15:03:31,605 [DiscoveryClient-HeartbeatExecutor-0] INFO  [com.netflix.discovery.DiscoveryClient] DiscoveryClient.java:853 - DiscoveryClient_CONFIG-CENTER/DESKTOP-GBQBQLK:config-center:8989 - registration status: 204
2019-07-15 15:29:30,289 [main] INFO  [c.u.j.c.EnableEncryptablePropertiesConfiguration] EnableEncryptablePropertiesConfiguration.java:69 - Bootstraping jasypt-string-boot auto configuration in context: config-center-1
2019-07-15 15:29:30,290 [main] INFO  [com.kj.ordercenter.ConfigCTApplication] SpringApplication.java:650 - The following profiles are active: native
2019-07-15 15:29:31,022 [main] WARN  [o.springframework.boot.actuate.endpoint.EndpointId] EndpointId.java:131 - Endpoint ID 'service-registry' contains invalid characters, please migrate to a valid format.
2019-07-15 15:29:31,120 [main] WARN  [o.springframework.boot.actuate.endpoint.EndpointId] EndpointId.java:131 - Endpoint ID 'hystrix.stream' contains invalid characters, please migrate to a valid format.
2019-07-15 15:29:31,361 [main] INFO  [o.springframework.cloud.context.scope.GenericScope] GenericScope.java:295 - BeanFactory id=b9a3cd99-b577-377f-819c-10bedf148781
2019-07-15 15:29:31,367 [main] INFO  [c.u.j.c.EnableEncryptablePropertiesBeanFactoryPostProcessor] EnableEncryptablePropertiesBeanFactoryPostProcessor.java:50 - Post-processing PropertySource instances
2019-07-15 15:29:31,386 [main] INFO  [c.u.j.EncryptablePropertySourceConverter] EncryptablePropertySourceConverter.java:38 - Converting PropertySource configurationProperties [org.springframework.boot.context.properties.source.ConfigurationPropertySourcesPropertySource] to AOP Proxy
2019-07-15 15:29:31,387 [main] INFO  [c.u.j.EncryptablePropertySourceConverter] EncryptablePropertySourceConverter.java:38 - Converting PropertySource servletConfigInitParams [org.springframework.core.env.PropertySource$StubPropertySource] to EncryptablePropertySourceWrapper
2019-07-15 15:29:31,387 [main] INFO  [c.u.j.EncryptablePropertySourceConverter] EncryptablePropertySourceConverter.java:38 - Converting PropertySource servletContextInitParams [org.springframework.core.env.PropertySource$StubPropertySource] to EncryptablePropertySourceWrapper
2019-07-15 15:29:31,388 [main] INFO  [c.u.j.EncryptablePropertySourceConverter] EncryptablePropertySourceConverter.java:38 - Converting PropertySource systemProperties [org.springframework.core.env.PropertiesPropertySource] to EncryptableMapPropertySourceWrapper
2019-07-15 15:29:31,388 [main] INFO  [c.u.j.EncryptablePropertySourceConverter] EncryptablePropertySourceConverter.java:38 - Converting PropertySource systemEnvironment [org.springframework.boot.env.SystemEnvironmentPropertySourceEnvironmentPostProcessor$OriginAwareSystemEnvironmentPropertySource] to EncryptableMapPropertySourceWrapper
2019-07-15 15:29:31,388 [main] INFO  [c.u.j.EncryptablePropertySourceConverter] EncryptablePropertySourceConverter.java:38 - Converting PropertySource random [org.springframework.boot.env.RandomValuePropertySource] to EncryptablePropertySourceWrapper
2019-07-15 15:29:31,389 [main] INFO  [c.u.j.EncryptablePropertySourceConverter] EncryptablePropertySourceConverter.java:38 - Converting PropertySource configServerClient [org.springframework.core.env.MapPropertySource] to EncryptableMapPropertySourceWrapper
2019-07-15 15:29:31,389 [main] INFO  [c.u.j.EncryptablePropertySourceConverter] EncryptablePropertySourceConverter.java:38 - Converting PropertySource springCloudClientHostInfo [org.springframework.core.env.MapPropertySource] to EncryptableMapPropertySourceWrapper
2019-07-15 15:29:31,389 [main] INFO  [c.u.j.EncryptablePropertySourceConverter] EncryptablePropertySourceConverter.java:38 - Converting PropertySource defaultProperties [org.springframework.core.env.MapPropertySource] to EncryptableMapPropertySourceWrapper
2019-07-15 15:29:31,402 [main] INFO  [c.u.j.filter.DefaultLazyPropertyFilter] DefaultLazyPropertyFilter.java:31 - Property Filter custom Bean not found with name 'encryptablePropertyFilter'. Initializing Default Property Filter
2019-07-15 15:29:31,750 [main] INFO  [o.s.c.s.PostProcessorRegistrationDelegate$BeanPostProcessorChecker] PostProcessorRegistrationDelegate.java:330 - Bean 'org.springframework.cloud.autoconfigure.ConfigurationPropertiesRebinderAutoConfiguration' of type [org.springframework.cloud.autoconfigure.ConfigurationPropertiesRebinderAutoConfiguration$$EnhancerBySpringCGLIB$$5c599edb] is not eligible for getting processed by all BeanPostProcessors (for example: not eligible for auto-proxying)
2019-07-15 15:29:32,207 [main] WARN  [io.undertow.websockets.jsr] Bootstrap.java:68 - UT026010: Buffer pool was not set on WebSocketDeploymentInfo, the default pool will be used
2019-07-15 15:29:32,233 [main] INFO  [io.undertow.servlet] ServletContextImpl.java:364 - Initializing Spring embedded WebApplicationContext
2019-07-15 15:29:32,233 [main] INFO  [org.springframework.web.context.ContextLoader] ServletWebServerApplicationContext.java:283 - Root WebApplicationContext: initialization completed in 1930 ms
2019-07-15 15:29:32,409 [main] WARN  [com.netflix.config.sources.URLConfigurationSource] URLConfigurationSource.java:121 - No URLs will be polled as dynamic configuration sources.
2019-07-15 15:29:32,409 [main] INFO  [com.netflix.config.sources.URLConfigurationSource] URLConfigurationSource.java:122 - To enable URLs as dynamic configuration sources, define System property archaius.configurationSource.additionalUrls or make config.properties available on classpath.
2019-07-15 15:29:32,425 [main] INFO  [com.netflix.config.DynamicPropertyFactory] DynamicPropertyFactory.java:281 - DynamicPropertyFactory is initialized with configuration sources: com.netflix.config.ConcurrentCompositeConfiguration@4c19d42e
2019-07-15 15:29:32,499 [main] INFO  [c.u.j.resolver.DefaultLazyPropertyResolver] DefaultLazyPropertyResolver.java:31 - Property Resolver custom Bean not found with name 'encryptablePropertyResolver'. Initializing Default Property Resolver
2019-07-15 15:29:32,499 [main] INFO  [c.u.j.detector.DefaultLazyPropertyDetector] DefaultLazyPropertyDetector.java:30 - Property Detector custom Bean not found with name 'encryptablePropertyDetector'. Initializing Default Property Detector
2019-07-15 15:29:33,636 [main] INFO  [o.s.b.a.endpoint.web.ServletEndpointRegistrar] ServletEndpointRegistrar.java:74 - Registered '/actuator/jolokia' to jolokia-actuator-endpoint
2019-07-15 15:29:33,637 [main] INFO  [o.s.b.a.endpoint.web.ServletEndpointRegistrar] ServletEndpointRegistrar.java:74 - Registered '/actuator/hystrix.stream' to hystrix.stream-actuator-endpoint
2019-07-15 15:29:33,721 [main] WARN  [com.netflix.config.sources.URLConfigurationSource] URLConfigurationSource.java:121 - No URLs will be polled as dynamic configuration sources.
2019-07-15 15:29:33,722 [main] INFO  [com.netflix.config.sources.URLConfigurationSource] URLConfigurationSource.java:122 - To enable URLs as dynamic configuration sources, define System property archaius.configurationSource.additionalUrls or make config.properties available on classpath.
2019-07-15 15:29:34,070 [main] INFO  [o.s.scheduling.concurrent.ThreadPoolTaskExecutor] ExecutorConfigurationSupport.java:171 - Initializing ExecutorService 'applicationTaskExecutor'
2019-07-15 15:29:35,261 [main] INFO  [o.s.b.actuate.endpoint.web.EndpointLinksResolver] EndpointLinksResolver.java:58 - Exposing 21 endpoint(s) beneath base path '/actuator'
2019-07-15 15:29:35,377 [main] INFO  [o.s.cloud.netflix.eureka.InstanceInfoFactory] InstanceInfoFactory.java:72 - Setting initial instance status as: STARTING
2019-07-15 15:29:35,415 [main] INFO  [com.netflix.discovery.DiscoveryClient] DiscoveryClient.java:365 - Initializing Eureka in region us-east-1
2019-07-15 15:29:35,655 [main] INFO  [c.n.discovery.provider.DiscoveryJerseyProvider] DiscoveryJerseyProvider.java:70 - Using JSON encoding codec LegacyJacksonJson
2019-07-15 15:29:35,655 [main] INFO  [c.n.discovery.provider.DiscoveryJerseyProvider] DiscoveryJerseyProvider.java:71 - Using JSON decoding codec LegacyJacksonJson
2019-07-15 15:29:35,786 [main] INFO  [c.n.discovery.provider.DiscoveryJerseyProvider] DiscoveryJerseyProvider.java:80 - Using XML encoding codec XStreamXml
2019-07-15 15:29:35,787 [main] INFO  [c.n.discovery.provider.DiscoveryJerseyProvider] DiscoveryJerseyProvider.java:81 - Using XML decoding codec XStreamXml
2019-07-15 15:29:36,067 [main] INFO  [c.n.d.shared.resolver.aws.ConfigClusterResolver] ConfigClusterResolver.java:43 - Resolving eureka endpoints via configuration
2019-07-15 15:29:36,186 [main] INFO  [com.netflix.discovery.DiscoveryClient] DiscoveryClient.java:976 - Disable delta property : false
2019-07-15 15:29:36,186 [main] INFO  [com.netflix.discovery.DiscoveryClient] DiscoveryClient.java:977 - Single vip registry refresh property : null
2019-07-15 15:29:36,187 [main] INFO  [com.netflix.discovery.DiscoveryClient] DiscoveryClient.java:978 - Force full registry fetch : false
2019-07-15 15:29:36,188 [main] INFO  [com.netflix.discovery.DiscoveryClient] DiscoveryClient.java:979 - Application is null : false
2019-07-15 15:29:36,189 [main] INFO  [com.netflix.discovery.DiscoveryClient] DiscoveryClient.java:980 - Registered Applications size is zero : true
2019-07-15 15:29:36,189 [main] INFO  [com.netflix.discovery.DiscoveryClient] DiscoveryClient.java:982 - Application version is -1: true
2019-07-15 15:29:36,190 [main] INFO  [com.netflix.discovery.DiscoveryClient] DiscoveryClient.java:1065 - Getting all instance registry info from the eureka server
2019-07-15 15:29:36,570 [main] INFO  [com.netflix.discovery.DiscoveryClient] DiscoveryClient.java:1074 - The response status is 200
2019-07-15 15:29:36,572 [main] INFO  [com.netflix.discovery.DiscoveryClient] DiscoveryClient.java:1288 - Starting heartbeat executor: renew interval is: 30
2019-07-15 15:29:36,579 [main] INFO  [com.netflix.discovery.InstanceInfoReplicator] InstanceInfoReplicator.java:60 - InstanceInfoReplicator onDemand update allowed rate per min is 4
2019-07-15 15:29:36,586 [main] INFO  [com.netflix.discovery.DiscoveryClient] DiscoveryClient.java:465 - Discovery Client initialized at timestamp 1563175776584 with initial instances count: 0
2019-07-15 15:29:36,599 [main] INFO  [o.s.c.n.e.serviceregistry.EurekaServiceRegistry] EurekaServiceRegistry.java:41 - Registering application CONFIG-CENTER with eureka with status UP
2019-07-15 15:29:36,601 [main] INFO  [com.netflix.discovery.DiscoveryClient] DiscoveryClient.java:1323 - Saw local status change event StatusChangeEvent [timestamp=1563175776601, current=UP, previous=STARTING]
2019-07-15 15:29:36,657 [DiscoveryClient-InstanceInfoReplicator-0] INFO  [com.netflix.discovery.DiscoveryClient] DiscoveryClient.java:844 - DiscoveryClient_CONFIG-CENTER/DESKTOP-GBQBQLK:config-center:8989: registering service...
2019-07-15 15:29:36,660 [main] INFO  [org.xnio] Xnio.java:104 - XNIO version 3.3.8.Final
2019-07-15 15:29:36,692 [main] INFO  [org.xnio.nio] NioXnio.java:55 - XNIO NIO Implementation Version 3.3.8.Final
2019-07-15 15:29:36,857 [main] INFO  [o.s.b.w.embedded.undertow.UndertowServletWebServer] UndertowServletWebServer.java:144 - Undertow started on port(s) 8989 (http) with context path ''
2019-07-15 15:29:36,858 [main] INFO  [o.s.c.n.e.s.EurekaAutoServiceRegistration] EurekaAutoServiceRegistration.java:145 - Updating port to 8989
2019-07-15 15:29:36,861 [main] INFO  [com.kj.ordercenter.ConfigCTApplication] StartupInfoLogger.java:59 - Started ConfigCTApplication in 7.863 seconds (JVM running for 8.322)
2019-07-15 15:29:37,018 [DiscoveryClient-InstanceInfoReplicator-0] INFO  [com.netflix.discovery.DiscoveryClient] DiscoveryClient.java:853 - DiscoveryClient_CONFIG-CENTER/DESKTOP-GBQBQLK:config-center:8989 - registration status: 204
2019-07-15 15:30:06,574 [DiscoveryClient-CacheRefreshExecutor-0] INFO  [com.netflix.discovery.DiscoveryClient] DiscoveryClient.java:976 - Disable delta property : false
2019-07-15 15:30:06,576 [DiscoveryClient-CacheRefreshExecutor-0] INFO  [com.netflix.discovery.DiscoveryClient] DiscoveryClient.java:977 - Single vip registry refresh property : null
2019-07-15 15:30:06,578 [DiscoveryClient-CacheRefreshExecutor-0] INFO  [com.netflix.discovery.DiscoveryClient] DiscoveryClient.java:978 - Force full registry fetch : false
2019-07-15 15:30:06,580 [DiscoveryClient-CacheRefreshExecutor-0] INFO  [com.netflix.discovery.DiscoveryClient] DiscoveryClient.java:979 - Application is null : false
2019-07-15 15:30:06,581 [DiscoveryClient-CacheRefreshExecutor-0] INFO  [com.netflix.discovery.DiscoveryClient] DiscoveryClient.java:980 - Registered Applications size is zero : true
2019-07-15 15:30:06,582 [DiscoveryClient-CacheRefreshExecutor-0] INFO  [com.netflix.discovery.DiscoveryClient] DiscoveryClient.java:982 - Application version is -1: false
2019-07-15 15:30:06,584 [DiscoveryClient-CacheRefreshExecutor-0] INFO  [com.netflix.discovery.DiscoveryClient] DiscoveryClient.java:1065 - Getting all instance registry info from the eureka server
2019-07-15 15:30:06,669 [DiscoveryClient-CacheRefreshExecutor-0] INFO  [com.netflix.discovery.DiscoveryClient] DiscoveryClient.java:1074 - The response status is 200
2019-07-15 15:31:03,749 [XNIO-1 task-1] INFO  [io.undertow.servlet] ServletContextImpl.java:364 - Initializing Spring DispatcherServlet 'dispatcherServlet'
2019-07-15 15:31:03,749 [XNIO-1 task-1] INFO  [org.springframework.web.servlet.DispatcherServlet] FrameworkServlet.java:524 - Initializing Servlet 'dispatcherServlet'
2019-07-15 15:31:03,763 [XNIO-1 task-1] INFO  [org.springframework.web.servlet.DispatcherServlet] FrameworkServlet.java:546 - Completed initialization in 13 ms
2019-07-15 15:31:03,953 [XNIO-1 task-1] INFO  [o.s.c.c.s.environment.NativeEnvironmentRepository] NativeEnvironmentRepository.java:266 - Adding property source: classpath:/config/gateway-server-local.yml
2019-07-15 15:31:03,954 [XNIO-1 task-1] INFO  [o.s.c.c.s.environment.NativeEnvironmentRepository] NativeEnvironmentRepository.java:266 - Adding property source: classpath:/config/application-local.yml
2019-07-15 15:31:46,984 [XNIO-1 task-2] INFO  [o.s.c.c.s.environment.NativeEnvironmentRepository] NativeEnvironmentRepository.java:266 - Adding property source: classpath:/config/admin-monitor-local.yml
2019-07-15 15:31:46,986 [XNIO-1 task-2] INFO  [o.s.c.c.s.environment.NativeEnvironmentRepository] NativeEnvironmentRepository.java:266 - Adding property source: classpath:/config/application-local.yml
2019-07-15 15:31:54,513 [XNIO-1 task-4] INFO  [o.s.c.c.s.environment.NativeEnvironmentRepository] NativeEnvironmentRepository.java:266 - Adding property source: classpath:/config/gateway-server-local.yml
2019-07-15 15:31:54,516 [XNIO-1 task-4] INFO  [o.s.c.c.s.environment.NativeEnvironmentRepository] NativeEnvironmentRepository.java:266 - Adding property source: classpath:/config/application-local.yml
2019-07-15 15:32:23,404 [XNIO-1 task-8] INFO  [o.s.c.c.s.environment.NativeEnvironmentRepository] NativeEnvironmentRepository.java:266 - Adding property source: classpath:/config/admin-monitor-local.yml
2019-07-15 15:32:23,430 [XNIO-1 task-8] INFO  [o.s.c.c.s.environment.NativeEnvironmentRepository] NativeEnvironmentRepository.java:266 - Adding property source: classpath:/config/application-local.yml
2019-07-15 15:34:36,196 [AsyncResolver-bootstrap-executor-0] INFO  [c.n.d.shared.resolver.aws.ConfigClusterResolver] ConfigClusterResolver.java:43 - Resolving eureka endpoints via configuration
2019-07-15 15:35:35,395 [XNIO-1 task-20] INFO  [o.s.c.c.s.environment.NativeEnvironmentRepository] NativeEnvironmentRepository.java:266 - Adding property source: classpath:/config/gateway-server-local.yml
2019-07-15 15:35:35,396 [XNIO-1 task-20] INFO  [o.s.c.c.s.environment.NativeEnvironmentRepository] NativeEnvironmentRepository.java:266 - Adding property source: classpath:/config/application-local.yml
2019-07-15 15:35:52,808 [XNIO-1 task-23] INFO  [o.s.c.c.s.environment.NativeEnvironmentRepository] NativeEnvironmentRepository.java:266 - Adding property source: classpath:/config/gateway-server-local.yml
2019-07-15 15:35:52,808 [XNIO-1 task-23] INFO  [o.s.c.c.s.environment.NativeEnvironmentRepository] NativeEnvironmentRepository.java:266 - Adding property source: classpath:/config/application-local.yml
2019-07-15 15:37:42,050 [XNIO-1 task-29] INFO  [o.s.c.c.s.environment.NativeEnvironmentRepository] NativeEnvironmentRepository.java:266 - Adding property source: classpath:/config/admin-monitor-local.yml
2019-07-15 15:37:42,050 [XNIO-1 task-29] INFO  [o.s.c.c.s.environment.NativeEnvironmentRepository] NativeEnvironmentRepository.java:266 - Adding property source: classpath:/config/application-local.yml
2019-07-15 15:37:42,519 [AsyncReporter{org.springframework.cloud.sleuth.zipkin2.sender.RestTemplateSender@5bcec67e}] INFO  [com.netflix.config.ChainedDynamicProperty] ChainedDynamicProperty.java:115 - Flipping property: localhost.ribbon.ActiveConnectionsLimit to use NEXT property: niws.loadbalancer.availabilityFilteringRule.activeConnectionsLimit = 2147483647
2019-07-15 15:37:42,556 [AsyncReporter{org.springframework.cloud.sleuth.zipkin2.sender.RestTemplateSender@5bcec67e}] INFO  [com.netflix.util.concurrent.ShutdownEnabledTimer] ShutdownEnabledTimer.java:58 - Shutdown hook installed for: NFLoadBalancer-PingTimer-localhost
2019-07-15 15:37:42,557 [AsyncReporter{org.springframework.cloud.sleuth.zipkin2.sender.RestTemplateSender@5bcec67e}] INFO  [com.netflix.loadbalancer.BaseLoadBalancer] BaseLoadBalancer.java:197 - Client: localhost instantiated a LoadBalancer: DynamicServerListLoadBalancer:{NFLoadBalancer:name=localhost,current list of Servers=[],Load balancer stats=Zone stats: {},Server stats: []}ServerList:null
2019-07-15 15:37:42,564 [AsyncReporter{org.springframework.cloud.sleuth.zipkin2.sender.RestTemplateSender@5bcec67e}] INFO  [c.n.loadbalancer.DynamicServerListLoadBalancer] DynamicServerListLoadBalancer.java:222 - Using serverListUpdater PollingServerListUpdater
2019-07-15 15:37:42,568 [AsyncReporter{org.springframework.cloud.sleuth.zipkin2.sender.RestTemplateSender@5bcec67e}] INFO  [c.n.loadbalancer.DynamicServerListLoadBalancer] DynamicServerListLoadBalancer.java:150 - DynamicServerListLoadBalancer for client localhost initialized: DynamicServerListLoadBalancer:{NFLoadBalancer:name=localhost,current list of Servers=[],Load balancer stats=Zone stats: {},Server stats: []}ServerList:org.springframework.cloud.netflix.ribbon.eureka.DomainExtractingServerList@2621b121
2019-07-15 15:39:36,198 [AsyncResolver-bootstrap-executor-0] INFO  [c.n.d.shared.resolver.aws.ConfigClusterResolver] ConfigClusterResolver.java:43 - Resolving eureka endpoints via configuration
2019-07-15 15:41:12,097 [XNIO-1 task-11] INFO  [o.s.c.c.s.environment.NativeEnvironmentRepository] NativeEnvironmentRepository.java:266 - Adding property source: classpath:/config/gateway-server-local.yml
2019-07-15 15:41:12,098 [XNIO-1 task-11] INFO  [o.s.c.c.s.environment.NativeEnvironmentRepository] NativeEnvironmentRepository.java:266 - Adding property source: classpath:/config/application-local.yml
2019-07-15 15:43:02,075 [XNIO-1 task-18] INFO  [o.s.c.c.s.environment.NativeEnvironmentRepository] NativeEnvironmentRepository.java:266 - Adding property source: classpath:/config/admin-monitor-local.yml
2019-07-15 15:43:02,077 [XNIO-1 task-18] INFO  [o.s.c.c.s.environment.NativeEnvironmentRepository] NativeEnvironmentRepository.java:266 - Adding property source: classpath:/config/application-local.yml
2019-07-15 15:44:36,199 [AsyncResolver-bootstrap-executor-0] INFO  [c.n.d.shared.resolver.aws.ConfigClusterResolver] ConfigClusterResolver.java:43 - Resolving eureka endpoints via configuration
2019-07-15 15:46:32,069 [XNIO-1 task-32] INFO  [o.s.c.c.s.environment.NativeEnvironmentRepository] NativeEnvironmentRepository.java:266 - Adding property source: classpath:/config/gateway-server-local.yml
2019-07-15 15:46:32,070 [XNIO-1 task-32] INFO  [o.s.c.c.s.environment.NativeEnvironmentRepository] NativeEnvironmentRepository.java:266 - Adding property source: classpath:/config/application-local.yml
2019-07-15 15:47:31,805 [XNIO-1 task-5] INFO  [o.s.c.c.s.environment.NativeEnvironmentRepository] NativeEnvironmentRepository.java:266 - Adding property source: classpath:/config/sleuth-zipkin-local.yml
2019-07-15 15:47:31,806 [XNIO-1 task-5] INFO  [o.s.c.c.s.environment.NativeEnvironmentRepository] NativeEnvironmentRepository.java:266 - Adding property source: classpath:/config/application-local.yml
2019-07-15 15:48:02,073 [XNIO-1 task-7] INFO  [o.s.c.c.s.environment.NativeEnvironmentRepository] NativeEnvironmentRepository.java:266 - Adding property source: classpath:/config/admin-monitor-local.yml
2019-07-15 15:48:02,074 [XNIO-1 task-7] INFO  [o.s.c.c.s.environment.NativeEnvironmentRepository] NativeEnvironmentRepository.java:266 - Adding property source: classpath:/config/application-local.yml
2019-07-15 15:49:36,202 [AsyncResolver-bootstrap-executor-0] INFO  [c.n.d.shared.resolver.aws.ConfigClusterResolver] ConfigClusterResolver.java:43 - Resolving eureka endpoints via configuration
2019-07-15 15:50:28,572 [XNIO-1 task-16] INFO  [o.s.c.c.s.environment.NativeEnvironmentRepository] NativeEnvironmentRepository.java:266 - Adding property source: classpath:/config/sleuth-zipkin-local.yml
2019-07-15 15:50:28,573 [XNIO-1 task-16] INFO  [o.s.c.c.s.environment.NativeEnvironmentRepository] NativeEnvironmentRepository.java:266 - Adding property source: classpath:/config/application-local.yml
2019-07-15 15:51:23,910 [XNIO-1 task-21] INFO  [o.s.c.c.s.environment.NativeEnvironmentRepository] NativeEnvironmentRepository.java:266 - Adding property source: classpath:/config/sleuth-zipkin-local.yml
2019-07-15 15:51:23,910 [XNIO-1 task-21] INFO  [o.s.c.c.s.environment.NativeEnvironmentRepository] NativeEnvironmentRepository.java:266 - Adding property source: classpath:/config/application-local.yml
2019-07-15 15:51:52,042 [XNIO-1 task-24] INFO  [o.s.c.c.s.environment.NativeEnvironmentRepository] NativeEnvironmentRepository.java:266 - Adding property source: classpath:/config/gateway-server-local.yml
2019-07-15 15:51:52,042 [XNIO-1 task-24] INFO  [o.s.c.c.s.environment.NativeEnvironmentRepository] NativeEnvironmentRepository.java:266 - Adding property source: classpath:/config/application-local.yml
2019-07-15 15:53:02,065 [XNIO-1 task-28] INFO  [o.s.c.c.s.environment.NativeEnvironmentRepository] NativeEnvironmentRepository.java:266 - Adding property source: classpath:/config/admin-monitor-local.yml
2019-07-15 15:53:02,066 [XNIO-1 task-28] INFO  [o.s.c.c.s.environment.NativeEnvironmentRepository] NativeEnvironmentRepository.java:266 - Adding property source: classpath:/config/application-local.yml
2019-07-15 15:54:36,204 [AsyncResolver-bootstrap-executor-0] INFO  [c.n.d.shared.resolver.aws.ConfigClusterResolver] ConfigClusterResolver.java:43 - Resolving eureka endpoints via configuration
2019-07-15 15:56:42,055 [XNIO-1 task-11] INFO  [o.s.c.c.s.environment.NativeEnvironmentRepository] NativeEnvironmentRepository.java:266 - Adding property source: classpath:/config/sleuth-zipkin-local.yml
2019-07-15 15:56:42,056 [XNIO-1 task-11] INFO  [o.s.c.c.s.environment.NativeEnvironmentRepository] NativeEnvironmentRepository.java:266 - Adding property source: classpath:/config/application-local.yml
2019-07-15 15:56:52,079 [XNIO-1 task-12] INFO  [o.s.c.c.s.environment.NativeEnvironmentRepository] NativeEnvironmentRepository.java:266 - Adding property source: classpath:/config/gateway-server-local.yml
2019-07-15 15:56:52,080 [XNIO-1 task-12] INFO  [o.s.c.c.s.environment.NativeEnvironmentRepository] NativeEnvironmentRepository.java:266 - Adding property source: classpath:/config/application-local.yml
2019-07-15 15:58:22,060 [XNIO-1 task-19] INFO  [o.s.c.c.s.environment.NativeEnvironmentRepository] NativeEnvironmentRepository.java:266 - Adding property source: classpath:/config/admin-monitor-local.yml
2019-07-15 15:58:22,060 [XNIO-1 task-19] INFO  [o.s.c.c.s.environment.NativeEnvironmentRepository] NativeEnvironmentRepository.java:266 - Adding property source: classpath:/config/application-local.yml
2019-07-15 15:59:36,207 [AsyncResolver-bootstrap-executor-0] INFO  [c.n.d.shared.resolver.aws.ConfigClusterResolver] ConfigClusterResolver.java:43 - Resolving eureka endpoints via configuration
2019-07-15 16:01:52,058 [XNIO-1 task-32] INFO  [o.s.c.c.s.environment.NativeEnvironmentRepository] NativeEnvironmentRepository.java:266 - Adding property source: classpath:/config/gateway-server-local.yml
2019-07-15 16:01:52,059 [XNIO-1 task-32] INFO  [o.s.c.c.s.environment.NativeEnvironmentRepository] NativeEnvironmentRepository.java:266 - Adding property source: classpath:/config/application-local.yml
2019-07-15 16:02:02,061 [XNIO-1 task-2] INFO  [o.s.c.c.s.environment.NativeEnvironmentRepository] NativeEnvironmentRepository.java:266 - Adding property source: classpath:/config/sleuth-zipkin-local.yml
2019-07-15 16:02:02,061 [XNIO-1 task-2] INFO  [o.s.c.c.s.environment.NativeEnvironmentRepository] NativeEnvironmentRepository.java:266 - Adding property source: classpath:/config/application-local.yml
2019-07-15 16:03:22,039 [XNIO-1 task-7] INFO  [o.s.c.c.s.environment.NativeEnvironmentRepository] NativeEnvironmentRepository.java:266 - Adding property source: classpath:/config/admin-monitor-local.yml
2019-07-15 16:03:22,039 [XNIO-1 task-7] INFO  [o.s.c.c.s.environment.NativeEnvironmentRepository] NativeEnvironmentRepository.java:266 - Adding property source: classpath:/config/application-local.yml
2019-07-15 16:04:36,208 [AsyncResolver-bootstrap-executor-0] INFO  [c.n.d.shared.resolver.aws.ConfigClusterResolver] ConfigClusterResolver.java:43 - Resolving eureka endpoints via configuration
2019-07-15 16:06:52,170 [XNIO-1 task-21] INFO  [o.s.c.c.s.environment.NativeEnvironmentRepository] NativeEnvironmentRepository.java:266 - Adding property source: classpath:/config/gateway-server-local.yml
2019-07-15 16:06:52,170 [XNIO-1 task-21] INFO  [o.s.c.c.s.environment.NativeEnvironmentRepository] NativeEnvironmentRepository.java:266 - Adding property source: classpath:/config/application-local.yml
2019-07-15 16:07:22,014 [XNIO-1 task-23] INFO  [o.s.c.c.s.environment.NativeEnvironmentRepository] NativeEnvironmentRepository.java:266 - Adding property source: classpath:/config/sleuth-zipkin-local.yml
2019-07-15 16:07:22,015 [XNIO-1 task-23] INFO  [o.s.c.c.s.environment.NativeEnvironmentRepository] NativeEnvironmentRepository.java:266 - Adding property source: classpath:/config/application-local.yml
2019-07-15 16:08:22,047 [XNIO-1 task-27] INFO  [o.s.c.c.s.environment.NativeEnvironmentRepository] NativeEnvironmentRepository.java:266 - Adding property source: classpath:/config/admin-monitor-local.yml
2019-07-15 16:08:22,048 [XNIO-1 task-27] INFO  [o.s.c.c.s.environment.NativeEnvironmentRepository] NativeEnvironmentRepository.java:266 - Adding property source: classpath:/config/application-local.yml
2019-07-15 16:09:36,211 [AsyncResolver-bootstrap-executor-0] INFO  [c.n.d.shared.resolver.aws.ConfigClusterResolver] ConfigClusterResolver.java:43 - Resolving eureka endpoints via configuration
2019-07-15 16:12:12,059 [XNIO-1 task-11] INFO  [o.s.c.c.s.environment.NativeEnvironmentRepository] NativeEnvironmentRepository.java:266 - Adding property source: classpath:/config/gateway-server-local.yml
2019-07-15 16:12:12,059 [XNIO-1 task-11] INFO  [o.s.c.c.s.environment.NativeEnvironmentRepository] NativeEnvironmentRepository.java:266 - Adding property source: classpath:/config/application-local.yml
2019-07-15 16:12:22,017 [XNIO-1 task-13] INFO  [o.s.c.c.s.environment.NativeEnvironmentRepository] NativeEnvironmentRepository.java:266 - Adding property source: classpath:/config/sleuth-zipkin-local.yml
2019-07-15 16:12:22,017 [XNIO-1 task-13] INFO  [o.s.c.c.s.environment.NativeEnvironmentRepository] NativeEnvironmentRepository.java:266 - Adding property source: classpath:/config/application-local.yml
2019-07-15 16:13:42,042 [XNIO-1 task-17] INFO  [o.s.c.c.s.environment.NativeEnvironmentRepository] NativeEnvironmentRepository.java:266 - Adding property source: classpath:/config/admin-monitor-local.yml
2019-07-15 16:13:42,043 [XNIO-1 task-17] INFO  [o.s.c.c.s.environment.NativeEnvironmentRepository] NativeEnvironmentRepository.java:266 - Adding property source: classpath:/config/application-local.yml
2019-07-15 16:14:36,212 [AsyncResolver-bootstrap-executor-0] INFO  [c.n.d.shared.resolver.aws.ConfigClusterResolver] ConfigClusterResolver.java:43 - Resolving eureka endpoints via configuration
2019-07-15 16:17:32,059 [XNIO-1 task-30] INFO  [o.s.c.c.s.environment.NativeEnvironmentRepository] NativeEnvironmentRepository.java:266 - Adding property source: classpath:/config/gateway-server-local.yml
2019-07-15 16:17:32,060 [XNIO-1 task-30] INFO  [o.s.c.c.s.environment.NativeEnvironmentRepository] NativeEnvironmentRepository.java:266 - Adding property source: classpath:/config/application-local.yml
2019-07-15 16:17:42,033 [XNIO-1 task-2] INFO  [o.s.c.c.s.environment.NativeEnvironmentRepository] NativeEnvironmentRepository.java:266 - Adding property source: classpath:/config/sleuth-zipkin-local.yml
2019-07-15 16:17:42,034 [XNIO-1 task-2] INFO  [o.s.c.c.s.environment.NativeEnvironmentRepository] NativeEnvironmentRepository.java:266 - Adding property source: classpath:/config/application-local.yml
2019-07-15 16:19:02,046 [XNIO-1 task-7] INFO  [o.s.c.c.s.environment.NativeEnvironmentRepository] NativeEnvironmentRepository.java:266 - Adding property source: classpath:/config/admin-monitor-local.yml
2019-07-15 16:19:02,047 [XNIO-1 task-7] INFO  [o.s.c.c.s.environment.NativeEnvironmentRepository] NativeEnvironmentRepository.java:266 - Adding property source: classpath:/config/application-local.yml
2019-07-15 16:19:36,215 [AsyncResolver-bootstrap-executor-0] INFO  [c.n.d.shared.resolver.aws.ConfigClusterResolver] ConfigClusterResolver.java:43 - Resolving eureka endpoints via configuration
2019-07-15 16:22:42,056 [XNIO-1 task-18] INFO  [o.s.c.c.s.environment.NativeEnvironmentRepository] NativeEnvironmentRepository.java:266 - Adding property source: classpath:/config/sleuth-zipkin-local.yml
2019-07-15 16:22:42,057 [XNIO-1 task-18] INFO  [o.s.c.c.s.environment.NativeEnvironmentRepository] NativeEnvironmentRepository.java:266 - Adding property source: classpath:/config/application-local.yml
2019-07-15 16:22:52,039 [XNIO-1 task-23] INFO  [o.s.c.c.s.environment.NativeEnvironmentRepository] NativeEnvironmentRepository.java:266 - Adding property source: classpath:/config/gateway-server-local.yml
2019-07-15 16:22:52,040 [XNIO-1 task-23] INFO  [o.s.c.c.s.environment.NativeEnvironmentRepository] NativeEnvironmentRepository.java:266 - Adding property source: classpath:/config/application-local.yml
2019-07-15 16:24:22,016 [XNIO-1 task-31] INFO  [o.s.c.c.s.environment.NativeEnvironmentRepository] NativeEnvironmentRepository.java:266 - Adding property source: classpath:/config/admin-monitor-local.yml
2019-07-15 16:24:22,016 [XNIO-1 task-31] INFO  [o.s.c.c.s.environment.NativeEnvironmentRepository] NativeEnvironmentRepository.java:266 - Adding property source: classpath:/config/application-local.yml
2019-07-15 16:24:36,218 [AsyncResolver-bootstrap-executor-0] INFO  [c.n.d.shared.resolver.aws.ConfigClusterResolver] ConfigClusterResolver.java:43 - Resolving eureka endpoints via configuration
2019-07-15 16:27:42,045 [XNIO-1 task-9] INFO  [o.s.c.c.s.environment.NativeEnvironmentRepository] NativeEnvironmentRepository.java:266 - Adding property source: classpath:/config/sleuth-zipkin-local.yml
2019-07-15 16:27:42,046 [XNIO-1 task-9] INFO  [o.s.c.c.s.environment.NativeEnvironmentRepository] NativeEnvironmentRepository.java:266 - Adding property source: classpath:/config/application-local.yml
2019-07-15 16:28:12,050 [XNIO-1 task-12] INFO  [o.s.c.c.s.environment.NativeEnvironmentRepository] NativeEnvironmentRepository.java:266 - Adding property source: classpath:/config/gateway-server-local.yml
2019-07-15 16:28:12,051 [XNIO-1 task-12] INFO  [o.s.c.c.s.environment.NativeEnvironmentRepository] NativeEnvironmentRepository.java:266 - Adding property source: classpath:/config/application-local.yml
2019-07-15 16:29:22,067 [XNIO-1 task-17] INFO  [o.s.c.c.s.environment.NativeEnvironmentRepository] NativeEnvironmentRepository.java:266 - Adding property source: classpath:/config/admin-monitor-local.yml
2019-07-15 16:29:22,067 [XNIO-1 task-17] INFO  [o.s.c.c.s.environment.NativeEnvironmentRepository] NativeEnvironmentRepository.java:266 - Adding property source: classpath:/config/application-local.yml
2019-07-15 16:29:36,220 [AsyncResolver-bootstrap-executor-0] INFO  [c.n.d.shared.resolver.aws.ConfigClusterResolver] ConfigClusterResolver.java:43 - Resolving eureka endpoints via configuration
2019-07-15 16:33:02,027 [XNIO-1 task-28] INFO  [o.s.c.c.s.environment.NativeEnvironmentRepository] NativeEnvironmentRepository.java:266 - Adding property source: classpath:/config/sleuth-zipkin-local.yml
2019-07-15 16:33:02,027 [XNIO-1 task-28] INFO  [o.s.c.c.s.environment.NativeEnvironmentRepository] NativeEnvironmentRepository.java:266 - Adding property source: classpath:/config/application-local.yml
2019-07-15 16:33:32,036 [XNIO-1 task-1] INFO  [o.s.c.c.s.environment.NativeEnvironmentRepository] NativeEnvironmentRepository.java:266 - Adding property source: classpath:/config/gateway-server-local.yml
2019-07-15 16:33:32,036 [XNIO-1 task-1] INFO  [o.s.c.c.s.environment.NativeEnvironmentRepository] NativeEnvironmentRepository.java:266 - Adding property source: classpath:/config/application-local.yml
2019-07-15 16:34:17,593 [XNIO-1 task-4] INFO  [o.s.c.c.s.environment.NativeEnvironmentRepository] NativeEnvironmentRepository.java:266 - Adding property source: classpath:/config/order-service-local.yml
2019-07-15 16:34:17,594 [XNIO-1 task-4] INFO  [o.s.c.c.s.environment.NativeEnvironmentRepository] NativeEnvironmentRepository.java:266 - Adding property source: classpath:/config/application-local.yml
2019-07-15 16:34:22,130 [XNIO-1 task-6] INFO  [o.s.c.c.s.environment.NativeEnvironmentRepository] NativeEnvironmentRepository.java:266 - Adding property source: classpath:/config/admin-monitor-local.yml
2019-07-15 16:34:22,133 [XNIO-1 task-6] INFO  [o.s.c.c.s.environment.NativeEnvironmentRepository] NativeEnvironmentRepository.java:266 - Adding property source: classpath:/config/application-local.yml
2019-07-15 16:34:36,222 [AsyncResolver-bootstrap-executor-0] INFO  [c.n.d.shared.resolver.aws.ConfigClusterResolver] ConfigClusterResolver.java:43 - Resolving eureka endpoints via configuration
2019-07-15 16:35:01,784 [XNIO-1 task-11] INFO  [o.s.c.c.s.environment.NativeEnvironmentRepository] NativeEnvironmentRepository.java:266 - Adding property source: classpath:/config/order-service-local.yml
2019-07-15 16:35:01,785 [XNIO-1 task-11] INFO  [o.s.c.c.s.environment.NativeEnvironmentRepository] NativeEnvironmentRepository.java:266 - Adding property source: classpath:/config/application-local.yml
2019-07-15 16:35:36,684 [XNIO-1 task-10] INFO  [o.s.c.c.s.environment.NativeEnvironmentRepository] NativeEnvironmentRepository.java:266 - Adding property source: classpath:/config/order-service-local.yml
2019-07-15 16:35:36,684 [XNIO-1 task-10] INFO  [o.s.c.c.s.environment.NativeEnvironmentRepository] NativeEnvironmentRepository.java:266 - Adding property source: classpath:/config/application-local.yml
2019-07-15 16:36:24,830 [XNIO-1 task-16] INFO  [o.s.c.c.s.environment.NativeEnvironmentRepository] NativeEnvironmentRepository.java:266 - Adding property source: classpath:/config/order-service-local.yml
2019-07-15 16:36:24,831 [XNIO-1 task-16] INFO  [o.s.c.c.s.environment.NativeEnvironmentRepository] NativeEnvironmentRepository.java:266 - Adding property source: classpath:/config/application-local.yml
2019-07-15 16:38:02,038 [XNIO-1 task-22] INFO  [o.s.c.c.s.environment.NativeEnvironmentRepository] NativeEnvironmentRepository.java:266 - Adding property source: classpath:/config/sleuth-zipkin-local.yml
2019-07-15 16:38:02,038 [XNIO-1 task-22] INFO  [o.s.c.c.s.environment.NativeEnvironmentRepository] NativeEnvironmentRepository.java:266 - Adding property source: classpath:/config/application-local.yml
2019-07-15 16:38:32,045 [XNIO-1 task-26] INFO  [o.s.c.c.s.environment.NativeEnvironmentRepository] NativeEnvironmentRepository.java:266 - Adding property source: classpath:/config/gateway-server-local.yml
2019-07-15 16:38:32,047 [XNIO-1 task-26] INFO  [o.s.c.c.s.environment.NativeEnvironmentRepository] NativeEnvironmentRepository.java:266 - Adding property source: classpath:/config/application-local.yml
2019-07-15 16:39:36,226 [AsyncResolver-bootstrap-executor-0] INFO  [c.n.d.shared.resolver.aws.ConfigClusterResolver] ConfigClusterResolver.java:43 - Resolving eureka endpoints via configuration
2019-07-15 16:39:42,016 [XNIO-1 task-28] INFO  [o.s.c.c.s.environment.NativeEnvironmentRepository] NativeEnvironmentRepository.java:266 - Adding property source: classpath:/config/admin-monitor-local.yml
2019-07-15 16:39:42,016 [XNIO-1 task-28] INFO  [o.s.c.c.s.environment.NativeEnvironmentRepository] NativeEnvironmentRepository.java:266 - Adding property source: classpath:/config/application-local.yml
2019-07-15 16:41:42,035 [XNIO-1 task-7] INFO  [o.s.c.c.s.environment.NativeEnvironmentRepository] NativeEnvironmentRepository.java:266 - Adding property source: classpath:/config/order-service-local.yml
2019-07-15 16:41:42,035 [XNIO-1 task-7] INFO  [o.s.c.c.s.environment.NativeEnvironmentRepository] NativeEnvironmentRepository.java:266 - Adding property source: classpath:/config/application-local.yml
